{"level":"info","message":"Login attempt for email: monejer@mail.com","timestamp":"2025-11-18T13:22:49.925Z"}
{"level":"info","message":"Login attempt: monejer@mail.com","timestamp":"2025-11-18T13:22:49.929Z"}
{"level":"info","message":"Login successful: monejer@mail.com","timestamp":"2025-11-18T13:22:52.509Z"}
{"level":"info","message":"Login successful for email: monejer@mail.com","timestamp":"2025-11-18T13:22:52.509Z"}
{"level":"info","message":"Login attempt for email: monejer@mail.com","timestamp":"2025-11-18T13:27:14.832Z"}
{"level":"info","message":"Login attempt: monejer@mail.com","timestamp":"2025-11-18T13:27:14.832Z"}
{"level":"info","message":"Login successful: monejer@mail.com","timestamp":"2025-11-18T13:27:15.463Z"}
{"level":"info","message":"Login successful for email: monejer@mail.com","timestamp":"2025-11-18T13:27:15.464Z"}
{"level":"info","message":"Fetched all users: 2 records","timestamp":"2025-11-18T13:27:31.472Z"}
{"level":"info","message":"Fetched all users: 1 records","timestamp":"2025-11-18T13:39:36.902Z"}
{"level":"info","message":"Fetched user: 1","timestamp":"2025-11-18T13:40:52.661Z"}
{"level":"info","message":"Refresh token request received","timestamp":"2025-11-18T13:45:07.700Z"}
{"level":"info","message":"Refresh token attempt","timestamp":"2025-11-18T13:45:07.701Z"}
{"level":"info","message":"Refresh token successful for user: monejer@mail.com","timestamp":"2025-11-18T13:45:08.542Z"}
{"level":"info","message":"Refresh token successful","timestamp":"2025-11-18T13:45:08.543Z"}
{"level":"info","message":"Created user: 3 (ardhy@gmail.com)","timestamp":"2025-11-18T13:45:28.493Z"}
{"level":"info","message":"Refresh token request received","timestamp":"2025-11-18T21:55:42.269Z"}
{"level":"info","message":"Refresh token attempt","timestamp":"2025-11-18T21:55:42.273Z"}
{"level":"info","message":"Refresh token successful for user: monejer@mail.com","timestamp":"2025-11-18T21:55:43.538Z"}
{"level":"info","message":"Refresh token successful","timestamp":"2025-11-18T21:55:43.539Z"}
{"level":"info","message":"Deleted user: 1","timestamp":"2025-11-18T21:55:57.894Z"}
{"level":"info","message":"Login attempt for email: monejer@mail.com","timestamp":"2025-11-19T12:42:58.801Z"}
{"level":"info","message":"Login attempt: monejer@mail.com","timestamp":"2025-11-19T12:42:58.805Z"}
{"level":"info","message":"Login successful: monejer@mail.com","timestamp":"2025-11-19T12:43:00.863Z"}
{"level":"info","message":"Login successful for email: monejer@mail.com","timestamp":"2025-11-19T12:43:00.864Z"}
{"level":"info","message":"Fetched all users: 1 records","timestamp":"2025-11-19T12:43:24.216Z"}
{"level":"info","message":"Login attempt for email: ardhyr@mail.com","timestamp":"2025-11-19T12:44:09.437Z"}
{"level":"info","message":"Login attempt: ardhyr@mail.com","timestamp":"2025-11-19T12:44:09.438Z"}
{"level":"warn","message":"Login failed: user not found - ardhyr@mail.com","timestamp":"2025-11-19T12:44:09.538Z"}
{"level":"info","message":"Login attempt for email: ardhy@mail.com","timestamp":"2025-11-19T12:44:30.807Z"}
{"level":"info","message":"Login attempt: ardhy@mail.com","timestamp":"2025-11-19T12:44:30.808Z"}
{"level":"warn","message":"Login failed: user not found - ardhy@mail.com","timestamp":"2025-11-19T12:44:31.150Z"}
{"level":"info","message":"Login attempt for email: ardhy@gmail.com","timestamp":"2025-11-19T12:44:41.014Z"}
{"level":"info","message":"Login attempt: ardhy@gmail.com","timestamp":"2025-11-19T12:44:41.015Z"}
{"level":"info","message":"Login successful: ardhy@gmail.com","timestamp":"2025-11-19T12:44:41.270Z"}
{"level":"info","message":"Login successful for email: ardhy@gmail.com","timestamp":"2025-11-19T12:44:41.270Z"}
{"level":"info","message":"Lead creation request by user 3","timestamp":"2025-11-19T12:57:35.228Z"}
{"level":"info","message":"Fetching leads for user=3","timestamp":"2025-11-19T12:58:33.102Z"}
{"level":"info","message":"Refresh token request received","timestamp":"2025-11-19T13:00:53.511Z"}
{"level":"info","message":"Refresh token attempt","timestamp":"2025-11-19T13:00:53.512Z"}
{"level":"error","message":"Refresh token failed: invalid signature","timestamp":"2025-11-19T13:00:53.513Z"}
{"level":"info","message":"Refresh token request received","timestamp":"2025-11-19T13:01:16.457Z"}
{"level":"info","message":"Refresh token attempt","timestamp":"2025-11-19T13:01:16.458Z"}
{"level":"info","message":"Refresh token successful for user: ardhy@gmail.com","timestamp":"2025-11-19T13:01:16.595Z"}
{"level":"info","message":"Refresh token successful","timestamp":"2025-11-19T13:01:16.596Z"}
{"level":"info","message":"Fetching lead id=1","timestamp":"2025-11-19T13:05:19.679Z"}
{"level":"info","message":"Updating lead id=1","timestamp":"2025-11-19T13:07:59.597Z"}
{"level":"info","message":"Login attempt for email: ardhy@gmail.com","timestamp":"2025-11-19T13:23:53.137Z"}
{"level":"info","message":"Login attempt: ardhy@gmail.com","timestamp":"2025-11-19T13:23:53.141Z"}
{"level":"info","message":"Login successful: ardhy@gmail.com","timestamp":"2025-11-19T13:23:54.842Z"}
{"level":"info","message":"Login successful for email: ardhy@gmail.com","timestamp":"2025-11-19T13:23:54.843Z"}
{"level":"info","message":"Deleting lead id=1 by user=3","timestamp":"2025-11-19T13:25:11.264Z"}
{"level":"info","message":"Lead creation request by user 3","timestamp":"2025-11-19T13:26:02.238Z"}
{"level":"info","message":"Login attempt for email: monejer@mail.com","timestamp":"2025-11-19T13:26:28.274Z"}
{"level":"info","message":"Login attempt: monejer@mail.com","timestamp":"2025-11-19T13:26:28.275Z"}
{"level":"info","message":"Login successful: monejer@mail.com","timestamp":"2025-11-19T13:26:28.652Z"}
{"level":"info","message":"Login successful for email: monejer@mail.com","timestamp":"2025-11-19T13:26:28.653Z"}
{"level":"info","message":"Converting lead id=2 by user=2 (role: MANAGER)","timestamp":"2025-11-19T13:35:17.860Z"}
{"level":"info","message":"Converting lead id=2 by user=2 (role: MANAGER)","timestamp":"2025-11-19T13:37:02.087Z"}
{"level":"info","message":"Updating lead id=2","timestamp":"2025-11-19T13:38:03.402Z"}
{"level":"info","message":"Converting lead id=2 by user=2 (role: MANAGER)","timestamp":"2025-11-19T13:38:11.562Z"}
{"level":"info","message":"Lead 2 converted to customer 1","timestamp":"2025-11-19T13:38:12.421Z"}
{"level":"info","message":"Login attempt for email: monejer@mail.com","timestamp":"2025-11-19T16:11:00.078Z"}
{"level":"info","message":"Login attempt: monejer@mail.com","timestamp":"2025-11-19T16:11:00.082Z"}
{"level":"info","message":"Login successful: monejer@mail.com","timestamp":"2025-11-19T16:11:00.488Z"}
{"level":"info","message":"Login successful for email: monejer@mail.com","timestamp":"2025-11-19T16:11:00.488Z"}
{"level":"info","message":"Product creation request by user 2","timestamp":"2025-11-19T16:11:13.886Z"}
{"level":"info","message":"Creating product: Internet 100Mbps","timestamp":"2025-11-19T16:11:13.887Z"}
{"level":"info","message":"Product creation request by user 2","timestamp":"2025-11-19T16:20:15.519Z"}
{"level":"info","message":"Creating product: Internet 100Mbps","timestamp":"2025-11-19T16:20:15.519Z"}
{"level":"info","message":"Product creation request by user 2","timestamp":"2025-11-19T16:22:02.195Z"}
{"level":"info","message":"Creating product: Internet 100Mbps","timestamp":"2025-11-19T16:22:02.196Z"}
{"level":"info","message":"Delete product request for ID 1","timestamp":"2025-11-19T16:23:18.422Z"}
{"level":"info","message":"Deactivating product 1","timestamp":"2025-11-19T16:23:18.423Z"}
